<?xml version="1.0" encoding="UTF-8"?>
<!-- Generated by org.testng.reporters.JUnitXMLReporter -->
<testsuite hostname="LAPTOP-DBR0E06H" tests="3" failures="1" timestamp="9 Dec 2019 14:41:00 GMT" time="37.516" errors="0">
  <testcase name="@BeforeMethod launch" time="0.0" classname="DressPageTest">
    <failure type="org.openqa.selenium.SessionNotCreatedException" message="session not created
from chrome not reachable
  (Session info: chrome=78.0.3904.108)
Build info: version: &amp;apos;3.11.0&amp;apos;, revision: &amp;apos;e59cfb3&amp;apos;, time: &amp;apos;2018-03-11T20:26:55.152Z&amp;apos;
System info: host: &amp;apos;LAPTOP-DBR0E06H&amp;apos;, ip: &amp;apos;192.168.43.246&amp;apos;, os.name: &amp;apos;Windows 10&amp;apos;, os.arch: &amp;apos;amd64&amp;apos;, os.version: &amp;apos;10.0&amp;apos;, java.version: &amp;apos;1.8.0_91&amp;apos;
Driver info: driver.version: ChromeDriver
remote stacktrace: Backtrace:
	Ordinal0 [0x005AA903+1550595]
	Ordinal0 [0x0052A701+1025793]
	Ordinal0 [0x004AC58E+509326]
	Ordinal0 [0x004A62C2+484034]
	Ordinal0 [0x004A699B+485787]
	Ordinal0 [0x004A7B05+490245]
	Ordinal0 [0x004A3A85+473733]
	Ordinal0 [0x004AD330+512816]
	Ordinal0 [0x0045B649+177737]
	Ordinal0 [0x0045A8ED+174317]
	Ordinal0 [0x00458CDB+167131]
	Ordinal0 [0x0044144A+70730]
	Ordinal0 [0x004424D0+74960]
	Ordinal0 [0x00442469+74857]
	Ordinal0 [0x005442C7+1131207]
	GetHandleVerifier [0x006470FD+523789]
	GetHandleVerifier [0x00646E90+523168]
	GetHandleVerifier [0x0064E1E7+552695]
	GetHandleVerifier [0x006478FA+525834]
	Ordinal0 [0x0053B7FC+1095676]
	Ordinal0 [0x0054633B+1139515]
	Ordinal0 [0x005464A3+1139875]
	Ordinal0 [0x00545425+1135653]
	BaseThreadInitThunk [0x74DD6359+25]
	RtlGetAppContainerNamedObjectPath [0x77607B74+228]
	RtlGetAppContainerNamedObjectPath [0x77607B44+180]
">
      <![CDATA[org.openqa.selenium.SessionNotCreatedException: session not created
from chrome not reachable
  (Session info: chrome=78.0.3904.108)
Build info: version: '3.11.0', revision: 'e59cfb3', time: '2018-03-11T20:26:55.152Z'
System info: host: 'LAPTOP-DBR0E06H', ip: '192.168.43.246', os.name: 'Windows 10', os.arch: 'amd64', os.version: '10.0', java.version: '1.8.0_91'
Driver info: driver.version: ChromeDriver
remote stacktrace: Backtrace:
	Ordinal0 [0x005AA903+1550595]
	Ordinal0 [0x0052A701+1025793]
	Ordinal0 [0x004AC58E+509326]
	Ordinal0 [0x004A62C2+484034]
	Ordinal0 [0x004A699B+485787]
	Ordinal0 [0x004A7B05+490245]
	Ordinal0 [0x004A3A85+473733]
	Ordinal0 [0x004AD330+512816]
	Ordinal0 [0x0045B649+177737]
	Ordinal0 [0x0045A8ED+174317]
	Ordinal0 [0x00458CDB+167131]
	Ordinal0 [0x0044144A+70730]
	Ordinal0 [0x004424D0+74960]
	Ordinal0 [0x00442469+74857]
	Ordinal0 [0x005442C7+1131207]
	GetHandleVerifier [0x006470FD+523789]
	GetHandleVerifier [0x00646E90+523168]
	GetHandleVerifier [0x0064E1E7+552695]
	GetHandleVerifier [0x006478FA+525834]
	Ordinal0 [0x0053B7FC+1095676]
	Ordinal0 [0x0054633B+1139515]
	Ordinal0 [0x005464A3+1139875]
	Ordinal0 [0x00545425+1135653]
	BaseThreadInitThunk [0x74DD6359+25]
	RtlGetAppContainerNamedObjectPath [0x77607B74+228]
	RtlGetAppContainerNamedObjectPath [0x77607B44+180]

	at org.openqa.selenium.remote.W3CHandshakeResponse.lambda$new$0(W3CHandshakeResponse.java:57)
	at org.openqa.selenium.remote.W3CHandshakeResponse.lambda$getResponseFunction$2(W3CHandshakeResponse.java:104)
	at org.openqa.selenium.remote.ProtocolHandshake.lambda$createSession$0(ProtocolHandshake.java:123)
	at java.util.stream.ReferencePipeline$3$1.accept(ReferencePipeline.java:193)
	at java.util.Spliterators$ArraySpliterator.tryAdvance(Spliterators.java:958)
	at java.util.stream.ReferencePipeline.forEachWithCancel(ReferencePipeline.java:126)
	at java.util.stream.AbstractPipeline.copyIntoWithCancel(AbstractPipeline.java:498)
	at java.util.stream.AbstractPipeline.copyInto(AbstractPipeline.java:485)
	at java.util.stream.AbstractPipeline.wrapAndCopyInto(AbstractPipeline.java:471)
	at java.util.stream.FindOps$FindOp.evaluateSequential(FindOps.java:152)
	at java.util.stream.AbstractPipeline.evaluate(AbstractPipeline.java:234)
	at java.util.stream.ReferencePipeline.findFirst(ReferencePipeline.java:464)
	at org.openqa.selenium.remote.ProtocolHandshake.createSession(ProtocolHandshake.java:126)
	at org.openqa.selenium.remote.ProtocolHandshake.createSession(ProtocolHandshake.java:73)
	at org.openqa.selenium.remote.HttpCommandExecutor.execute(HttpCommandExecutor.java:136)
	at org.openqa.selenium.remote.service.DriverCommandExecutor.execute(DriverCommandExecutor.java:83)
	at org.openqa.selenium.remote.RemoteWebDriver.execute(RemoteWebDriver.java:545)
	at org.openqa.selenium.remote.RemoteWebDriver.startSession(RemoteWebDriver.java:209)
	at org.openqa.selenium.remote.RemoteWebDriver.<init>(RemoteWebDriver.java:132)
	at org.openqa.selenium.chrome.ChromeDriver.<init>(ChromeDriver.java:181)
	at org.openqa.selenium.chrome.ChromeDriver.<init>(ChromeDriver.java:168)
	at org.openqa.selenium.chrome.ChromeDriver.<init>(ChromeDriver.java:123)
	at DressPageTest.launch(DressPageTest.java:20)
	at org.apache.maven.surefire.testng.TestNGExecutor.run(TestNGExecutor.java:295)
	at org.apache.maven.surefire.testng.TestNGXmlTestSuite.execute(TestNGXmlTestSuite.java:84)
	at org.apache.maven.surefire.testng.TestNGProvider.invoke(TestNGProvider.java:90)
	at org.apache.maven.surefire.booter.ForkedBooter.invokeProviderInSameClassLoader(ForkedBooter.java:203)
	at org.apache.maven.surefire.booter.ForkedBooter.runSuitesInProcess(ForkedBooter.java:155)
	at org.apache.maven.surefire.booter.ForkedBooter.main(ForkedBooter.java:103)
... Removed 27 stack frames]]>
    </failure>
  </testcase> <!-- @BeforeMethod launch -->
  <testcase name="@BeforeMethod launch" time="0.0" classname="DressPageTest">
    <skipped/>
  </testcase> <!-- @BeforeMethod launch -->
  <testcase name="verifyLogi" time="0.018" classname="DressPageTest">
    <failure type="java.lang.NullPointerException">
      <![CDATA[java.lang.NullPointerException
	at DressPageTest.verifyLogi(DressPageTest.java:46)
	at org.apache.maven.surefire.testng.TestNGExecutor.run(TestNGExecutor.java:295)
	at org.apache.maven.surefire.testng.TestNGXmlTestSuite.execute(TestNGXmlTestSuite.java:84)
	at org.apache.maven.surefire.testng.TestNGProvider.invoke(TestNGProvider.java:90)
	at org.apache.maven.surefire.booter.ForkedBooter.invokeProviderInSameClassLoader(ForkedBooter.java:203)
	at org.apache.maven.surefire.booter.ForkedBooter.runSuitesInProcess(ForkedBooter.java:155)
	at org.apache.maven.surefire.booter.ForkedBooter.main(ForkedBooter.java:103)
... Removed 21 stack frames]]>
    </failure>
  </testcase> <!-- verifyLogi -->
  <testcase name="verifyLogi" time="0.002" classname="DressPageTest">
    <skipped/>
  </testcase> <!-- verifyLogi -->
  <testcase name="verifyLogi" time="0.001" classname="DressPageTest">
    <skipped/>
  </testcase> <!-- verifyLogi -->
</testsuite>
